<?xml version="1.0" encoding="UTF-8"?>
<!-- Generated by org.testng.reporters.JUnitReportReporter -->
<testsuite hostname="Aman-PC" failures="0" tests="1" name="jsExample.Myntra_js" time="0.042" errors="0" timestamp="2021-08-20T13:12:07 IST" skipped="0">
  <testcase classname="jsExample.Myntra_js" name="GooglePage" time="0.042"/>
  <system-out/>
</testsuite> <!-- jsExample.Myntra_js -->
