<?xml version="1.0" encoding="UTF-8"?>
<!-- Generated by org.testng.reporters.JUnitReportReporter -->
<testsuite hostname="Aman-PC" failures="0" tests="1" name="dialoge_Handling.modal_Handling2" time="12.835" errors="0" timestamp="2021-08-20T12:28:49 IST" skipped="0">
  <testcase classname="dialoge_Handling.modal_Handling2" name="ModelDialog" time="12.835"/>
  <system-out/>
</testsuite> <!-- dialoge_Handling.modal_Handling2 -->
