<?xml version="1.0" encoding="UTF-8"?>
<!-- Generated by org.testng.reporters.JUnitReportReporter -->
<testsuite hostname="Aman-PC" failures="0" tests="1" name="jsExample.Highlight_example" time="15.062" errors="0" timestamp="2021-08-20T13:08:35 IST" skipped="0">
  <testcase classname="jsExample.Highlight_example" name="Text" time="15.062"/>
  <system-out/>
</testsuite> <!-- jsExample.Highlight_example -->
