<?xml version="1.0" encoding="UTF-8"?>
<!-- Generated by org.testng.reporters.JUnitReportReporter -->
<testsuite hostname="Aman-PC" failures="0" tests="1" name="Assert.Yahoo" time="42.039" errors="0" timestamp="2021-08-24T11:52:13 IST" skipped="0">
  <testcase classname="Assert.Yahoo" name="yahoo" time="42.039"/>
  <system-out/>
</testsuite> <!-- Assert.Yahoo -->
