<?xml version="1.0" encoding="UTF-8"?>
<!-- Generated by org.testng.reporters.JUnitReportReporter -->
<testsuite hostname="Aman-PC" failures="0" tests="1" name="dialoge_Handling.multiple_window_handling" time="17.692" errors="0" timestamp="2021-08-20T11:31:11 IST" skipped="0">
  <testcase classname="dialoge_Handling.multiple_window_handling" name="test" time="17.692"/>
  <system-out/>
</testsuite> <!-- dialoge_Handling.multiple_window_handling -->
