<?xml version="1.0" encoding="UTF-8"?>
<!-- Generated by org.testng.reporters.JUnitReportReporter -->
<testsuite hostname="Aman-PC" failures="0" tests="1" name="jsExample.Google_js" time="2.927" errors="0" timestamp="2021-08-20T13:04:41 IST" skipped="0">
  <testcase classname="jsExample.Google_js" name="GooglePage" time="2.927"/>
  <system-out/>
</testsuite> <!-- jsExample.Google_js -->
