<?xml version="1.0" encoding="UTF-8"?>
<!-- Generated by org.testng.reporters.JUnitReportReporter -->
<testsuite hostname="Aman-PC" failures="0" tests="6" name="switch_example.Paytm_Test" time="0.021" errors="0" timestamp="2021-08-20T13:01:31 IST" skipped="0">
  <testcase classname="switch_example.Paytm_Test" name="LoginTest" time="0.012"/>
  <system-out/>
  <testcase classname="switch_example.Paytm_Test" name="LogoutTest" time="0.002"/>
  <system-out/>
  <testcase classname="switch_example.Paytm_Test" name="AddItems" time="0.002"/>
  <system-out/>
  <testcase classname="switch_example.Paytm_Test" name="Product_Add" time="0.002"/>
  <system-out/>
  <testcase classname="switch_example.Paytm_Test" name="Payment" time="0.001"/>
  <system-out/>
  <testcase classname="switch_example.Paytm_Test" name="Logout" time="0.002"/>
  <system-out/>
</testsuite> <!-- switch_example.Paytm_Test -->
