<?xml version="1.0" encoding="UTF-8"?>
<!-- Generated by org.testng.reporters.JUnitReportReporter -->
<testsuite hostname="Aman-PC" failures="0" tests="1" name="conditional_wait.Wait_for_alert" time="8.842" errors="0" timestamp="2021-08-20T13:14:57 IST" skipped="0">
  <testcase classname="conditional_wait.Wait_for_alert" name="test" time="8.842"/>
  <system-out/>
</testsuite> <!-- conditional_wait.Wait_for_alert -->
